<?xml version="1.0" encoding="utf-8"?><testsuites name="pytest tests"><testsuite name="pytest" errors="0" failures="0" skipped="0" tests="10" time="34.659" timestamp="2026-06-12T09:21:11.177639+00:00" hostname="agent-env-1db3876f-00ad-404c-be4b-a1f95e64ff77"><testcase classname="backend.tests.test_refactor_regression" name="test_login_admin" time="3.613" /><testcase classname="backend.tests.test_refactor_regression" name="test_get_clienti" time="7.972" /><testcase classname="backend.tests.test_refactor_regression" name="test_get_leads" time="4.504" /><testcase classname="backend.tests.test_refactor_regression" name="test_get_users" time="3.291" /><testcase classname="backend.tests.test_refactor_regression" name="test_get_commesse" time="1.076" /><testcase classname="backend.tests.test_refactor_regression" name="test_get_workflows" time="3.262" /><testcase classname="backend.tests.test_refactor_regression" name="test_get_workflow_node_types" time="1.078" /><testcase classname="backend.tests.test_refactor_regression" name="test_get_spoki_conversations" time="5.376" /><testcase classname="backend.tests.test_refactor_regression" name="test_get_spoki_openai_assistants" time="3.554" /><testcase classname="backend.tests.test_refactor_regression" name="test_create_and_delete_test_cliente" time="0.752" /></testsuite></testsuites>