<?xml version="1.0" encoding="utf-8"?><testsuites name="pytest tests"><testsuite name="pytest" errors="0" failures="0" skipped="4" tests="24" time="65.858" timestamp="2026-06-12T10:46:11.547827+00:00" hostname="agent-env-1db3876f-00ad-404c-be4b-a1f95e64ff77"><testcase classname="backend.tests.test_refactor_fase3.TestAuth" name="test_login_ok" time="21.308" /><testcase classname="backend.tests.test_refactor_fase3.TestAuth" name="test_login_bad_credentials" time="3.212" /><testcase classname="backend.tests.test_refactor_fase3.TestAuth" name="test_auth_me" time="6.714" /><testcase classname="backend.tests.test_refactor_fase3.TestAuth" name="test_users_list" time="2.172" /><testcase classname="backend.tests.test_refactor_fase3.TestAuth" name="test_user_crud" time="10.971" /><testcase classname="backend.tests.test_refactor_fase3.TestLeads" name="test_list_leads" time="5.531" /><testcase classname="backend.tests.test_refactor_fase3.TestLeads" name="test_create_lead" time="1.476" /><testcase classname="backend.tests.test_refactor_fase3.TestLeads" name="test_update_lead_esito" time="2.138" /><testcase classname="backend.tests.test_refactor_fase3.TestLeads" name="test_lead_history" time="0.128" /><testcase classname="backend.tests.test_refactor_fase3.TestLeads" name="test_leads_export_excel" time="0.196" /><testcase classname="backend.tests.test_refactor_fase3.TestLeads" name="test_webhook_public_lead_route_order" time="0.117" /><testcase classname="backend.tests.test_refactor_fase3.TestLeads" name="test_delete_lead" time="0.122" /><testcase classname="backend.tests.test_refactor_fase3.TestClienti" name="test_list_clienti" time="0.152" /><testcase classname="backend.tests.test_refactor_fase3.TestClienti" name="test_filter_options" time="0.129" /><testcase classname="backend.tests.test_refactor_fase3.TestClienti" name="test_create_cliente" time="0.124"><skipped type="pytest.skip" message="create cliente requires extra fields (422): {&quot;detail&quot;:&quot;Validation error: [{'type': 'missing', 'loc': ('body', 'codice_fiscale'), 'msg': 'Field required', 'input': {'nome': 'TEST-Cliente', 'cognome': 'Auto-4e0949', 'telefono': '3331112222', 'ema">/app/backend/tests/test_refactor_fase3.py:191: create cliente requires extra fields (422): {"detail":"Validation error: [{'type': 'missing', 'loc': ('body', 'codice_fiscale'), 'msg': 'Field required', 'input': {'nome': 'TEST-Cliente', 'cognome': 'Auto-4e0949', 'telefono': '3331112222', 'ema</skipped></testcase><testcase classname="backend.tests.test_refactor_fase3.TestClienti" name="test_get_cliente" time="0.000"><skipped type="pytest.skip" message="no created cliente">/app/backend/tests/test_refactor_fase3.py:198: no created cliente</skipped></testcase><testcase classname="backend.tests.test_refactor_fase3.TestClienti" name="test_update_cliente" time="0.017"><skipped type="pytest.skip" message="no created cliente">/app/backend/tests/test_refactor_fase3.py:205: no created cliente</skipped></testcase><testcase classname="backend.tests.test_refactor_fase3.TestClienti" name="test_export_excel" time="0.470" /><testcase classname="backend.tests.test_refactor_fase3.TestClienti" name="test_delete_cliente" time="0.000"><skipped type="pytest.skip" message="no created cliente">/app/backend/tests/test_refactor_fase3.py:217: no created cliente</skipped></testcase><testcase classname="backend.tests.test_refactor_fase3.TestAnalytics" name="test_dashboard_stats" time="0.143" /><testcase classname="backend.tests.test_refactor_fase3.TestAnalytics" name="test_pivot_commessa" time="0.137" /><testcase classname="backend.tests.test_refactor_fase3.TestAnalytics" name="test_sub_agenzie" time="0.155" /><testcase classname="backend.tests.test_refactor_fase3.TestDocuments" name="test_documents_list" time="0.198" /><testcase classname="backend.tests.test_refactor_fase3.TestServices" name="test_trigger_lead_reminders" time="10.100" /></testsuite></testsuites>