<?xml version="1.0" encoding="utf-8"?><testsuites name="pytest tests"><testsuite name="pytest" errors="0" failures="0" skipped="0" tests="21" time="38.241" timestamp="2026-06-12T10:12:56.890946+00:00" hostname="agent-env-1db3876f-00ad-404c-be4b-a1f95e64ff77"><testcase classname="backend.tests.test_refactor_fase2.TestAuth" name="test_login_admin_ok" time="6.485" /><testcase classname="backend.tests.test_refactor_fase2.TestAuth" name="test_login_wrong_password" time="1.297" /><testcase classname="backend.tests.test_refactor_fase2.TestAuth" name="test_protected_endpoint_requires_token" time="1.070" /><testcase classname="backend.tests.test_refactor_fase2.TestAuth" name="test_protected_endpoint_with_token" time="6.692" /><testcase classname="backend.tests.test_refactor_fase2.TestUnits" name="test_get_units_list" time="2.157" /><testcase classname="backend.tests.test_refactor_fase2.TestUnits" name="test_create_update_delete_unit" time="14.084" /><testcase classname="backend.tests.test_refactor_fase2.TestLeadStatus" name="test_get_lead_statuses" time="2.426" /><testcase classname="backend.tests.test_refactor_fase2.TestLeadStatus" name="test_create_update_delete_status" time="0.399" /><testcase classname="backend.tests.test_refactor_fase2.TestClienteCustom" name="test_duplicate_same_source_target_returns_400" time="0.447" /><testcase classname="backend.tests.test_refactor_fase2.TestClienteCustom" name="test_get_custom_fields_filter" time="0.328" /><testcase classname="backend.tests.test_refactor_fase2.TestSegmentiOfferte" name="test_get_segmenti" time="0.129" /><testcase classname="backend.tests.test_refactor_fase2.TestSegmentiOfferte" name="test_get_offerte" time="0.124" /><testcase classname="backend.tests.test_refactor_fase2.TestSegmentiOfferte" name="test_get_single_offerta" time="0.249" /><testcase classname="backend.tests.test_refactor_fase2.TestClienteLock" name="test_get_all_locks" time="0.126" /><testcase classname="backend.tests.test_refactor_fase2.TestClienteLock" name="test_lock_acquire_status_release" time="0.637" /><testcase classname="backend.tests.test_refactor_fase2.TestClienteNotes" name="test_get_note_history" time="0.310" /><testcase classname="backend.tests.test_refactor_fase2.TestClienteNotes" name="test_post_note_append_only_and_audit" time="0.510" /><testcase classname="backend.tests.test_refactor_fase2.TestClienteNotes" name="test_get_clienti_cestino" time="0.256" /><testcase classname="backend.tests.test_refactor_fase2.TestLeadsCestino" name="test_get_leads_cestino" time="0.113" /><testcase classname="backend.tests.test_refactor_fase2.TestPostVendita" name="test_get_post_vendita_clienti" time="0.123" /><testcase classname="backend.tests.test_refactor_fase2.TestPostVendita" name="test_get_post_vendita_imports" time="0.123" /></testsuite></testsuites>