<?xml version="1.0" encoding="utf-8"?><testsuites name="pytest tests"><testsuite name="pytest" errors="0" failures="0" skipped="0" tests="6" time="34.429" timestamp="2026-06-15T17:19:22.806114+00:00" hostname="agent-env-a5a7a1e5-3ea1-4c21-9386-3f69f28eafa0"><testcase classname="backend.tests.test_sub_agenzia_privileges_e2e" name="test_bo_commessa_does_not_see_hidden_tipologia_in_list" time="29.782" /><testcase classname="backend.tests.test_sub_agenzia_privileges_e2e" name="test_bo_commessa_get_single_hidden_cliente_returns_403" time="0.610" /><testcase classname="backend.tests.test_sub_agenzia_privileges_e2e" name="test_bo_commessa_get_single_visible_cliente_returns_200" time="0.513" /><testcase classname="backend.tests.test_sub_agenzia_privileges_e2e" name="test_bo_sub_agenzia_auth_me_has_can_change_status_true" time="0.596" /><testcase classname="backend.tests.test_sub_agenzia_privileges_e2e" name="test_bo_sub_agenzia_can_modify_status_when_privilege_on" time="0.820" /><testcase classname="backend.tests.test_sub_agenzia_privileges_e2e" name="test_bo_sub_agenzia_cannot_modify_status_when_privilege_off" time="1.792" /></testsuite></testsuites>