<?xml version="1.0" encoding="utf-8"?><testsuites name="pytest tests"><testsuite name="pytest" errors="0" failures="0" skipped="0" tests="12" time="25.739" timestamp="2026-06-26T21:43:58.742501+00:00" hostname="agent-env-a5a7a1e5-3ea1-4c21-9386-3f69f28eafa0"><testcase classname="backend.tests.test_lead_tags_management.TestUsageEndpoint" name="test_usage_admin_returns_list_with_counts_and_orphans" time="21.997" /><testcase classname="backend.tests.test_lead_tags_management.TestUsageEndpoint" name="test_usage_non_admin_forbidden" time="1.896" /><testcase classname="backend.tests.test_lead_tags_management.TestUsageEndpoint" name="test_usage_path_not_interpreted_as_tag_id" time="0.135" /><testcase classname="backend.tests.test_lead_tags_management.TestPatchEndpoint" name="test_patch_label_color_description_no_rename" time="0.130" /><testcase classname="backend.tests.test_lead_tags_management.TestPatchEndpoint" name="test_patch_rename_propagates_to_leads_and_clienti" time="0.148" /><testcase classname="backend.tests.test_lead_tags_management.TestPatchEndpoint" name="test_patch_rename_to_existing_name_returns_400" time="0.172" /><testcase classname="backend.tests.test_lead_tags_management.TestMergeEndpoint" name="test_merge_path_not_interpreted_as_tag_id" time="0.124" /><testcase classname="backend.tests.test_lead_tags_management.TestMergeEndpoint" name="test_merge_source_equals_target_400" time="0.128" /><testcase classname="backend.tests.test_lead_tags_management.TestMergeEndpoint" name="test_merge_invalid_ids_404" time="0.267" /><testcase classname="backend.tests.test_lead_tags_management.TestMergeEndpoint" name="test_merge_ok_propagates_and_deletes_source" time="0.147" /><testcase classname="backend.tests.test_lead_tags_management.TestCleanupOrphans" name="test_cleanup_orphans_creates_missing_tags" time="0.149" /><testcase classname="backend.tests.test_lead_tags_management.TestDeleteTag" name="test_delete_propagates_to_leads_and_clienti" time="0.148" /></testsuite></testsuites>