<?xml version="1.0" encoding="utf-8"?><testsuites name="pytest tests"><testsuite name="pytest" errors="0" failures="0" skipped="0" tests="3" time="30.975" timestamp="2026-04-21T06:59:34.282693+00:00" hostname="agent-env-c7512c08-53b1-426c-a409-0ff51fc559f6"><testcase classname="backend.tests.test_cliente_indirizzo_attivazione.TestClienteIndirizzoAttivazione" name="test_create_cliente_with_both_addresses" time="18.884" /><testcase classname="backend.tests.test_cliente_indirizzo_attivazione.TestClienteIndirizzoAttivazione" name="test_update_cliente_adds_activation_address" time="11.509" /><testcase classname="backend.tests.test_cliente_indirizzo_attivazione.TestClienteIndirizzoAttivazione" name="test_create_without_activation_ok" time="0.421" /></testsuite></testsuites>