<?xml version="1.0" encoding="utf-8"?><testsuites name="pytest tests"><testsuite name="pytest" errors="0" failures="0" skipped="0" tests="17" time="32.547" timestamp="2026-06-26T13:17:50.339512+00:00" hostname="agent-env-a5a7a1e5-3ea1-4c21-9386-3f69f28eafa0"><testcase classname="backend.tests.test_timezone_rome.TestHelperRomeDateToUtcRange" name="test_summer_cest" time="0.001" /><testcase classname="backend.tests.test_timezone_rome.TestHelperRomeDateToUtcRange" name="test_winter_cet" time="0.000" /><testcase classname="backend.tests.test_timezone_rome.TestHelperRomeDateToUtcRange" name="test_dst_transition_last_sunday_march" time="0.000" /><testcase classname="backend.tests.test_timezone_rome.TestClientiDateFilterEdgeCase" name="test_summer_cliente_appears_on_aug_15_filter" time="8.965" /><testcase classname="backend.tests.test_timezone_rome.TestClientiDateFilterEdgeCase" name="test_summer_cliente_absent_on_aug_14_filter" time="4.193" /><testcase classname="backend.tests.test_timezone_rome.TestClientiDateFilterEdgeCase" name="test_winter_cliente_appears_on_feb_15_filter" time="4.242" /><testcase classname="backend.tests.test_timezone_rome.TestClientiDateFilterEdgeCase" name="test_winter_cliente_absent_on_feb_14_filter" time="4.164" /><testcase classname="backend.tests.test_timezone_rome.TestClientiDateFilterEdgeCase" name="test_invalid_date_format_returns_400" time="1.452" /><testcase classname="backend.tests.test_timezone_rome.TestClientiExportDateFilter" name="test_export_includes_summer_on_aug_15" time="7.213" /><testcase classname="backend.tests.test_timezone_rome.TestClientiExportDateFilter" name="test_export_excludes_summer_on_aug_14" time="0.178" /><testcase classname="backend.tests.test_timezone_rome.TestLeadsDateFilter" name="test_leads_date_filter_summer" time="0.130" /><testcase classname="backend.tests.test_timezone_rome.TestLeadsDateFilter" name="test_leads_date_filter_winter" time="0.126" /><testcase classname="backend.tests.test_timezone_rome.TestAnalyticsDateFilter" name="test_analytics_pivot_summer" time="0.160" /><testcase classname="backend.tests.test_timezone_rome.TestAnalyticsDateFilter" name="test_analytics_pivot_winter" time="0.232" /><testcase classname="backend.tests.test_timezone_rome.TestAnalyticsDateFilter" name="test_analytics_pivot_invalid_date" time="0.125" /><testcase classname="backend.tests.test_timezone_rome.TestAuditDateFilter" name="test_audit_sub_agenzia_status_summer" time="0.127" /><testcase classname="backend.tests.test_timezone_rome.TestAuditDateFilter" name="test_audit_sub_agenzia_status_winter" time="0.128" /></testsuite></testsuites>