<?xml version="1.0" encoding="utf-8"?><testsuites name="pytest tests"><testsuite name="pytest" errors="0" failures="0" skipped="0" tests="5" time="45.229" timestamp="2026-06-11T14:50:52.304729+00:00" hostname="agent-env-1db3876f-00ad-404c-be4b-a1f95e64ff77"><testcase classname="backend.tests.test_spoki_chatbot_workflow.TestOpenAIAssistants" name="test_list_assistants" time="15.432" /><testcase classname="backend.tests.test_spoki_chatbot_workflow.TestWorkflowNodeRegistry" name="test_activate_chatbot_subtype_present" time="2.968" /><testcase classname="backend.tests.test_spoki_chatbot_workflow.TestLeadCreationNoAutoWelcome" name="test_create_lead_no_welcome_template" time="5.007" /><testcase classname="backend.tests.test_spoki_chatbot_workflow.TestSpokiWebhookGate" name="test_webhook_no_session_no_bot_reply" time="5.304" /><testcase classname="backend.tests.test_spoki_chatbot_workflow.TestSpokiWebhookGate" name="test_webhook_with_activated_session_triggers_bot" time="16.275" /></testsuite></testsuites>