<?xml version="1.0" encoding="utf-8"?><testsuites name="pytest tests"><testsuite name="pytest" errors="0" failures="0" skipped="0" tests="17" time="35.384" timestamp="2026-06-26T14:45:27.542960+00:00" hostname="agent-env-a5a7a1e5-3ea1-4c21-9386-3f69f28eafa0"><testcase classname="backend.tests.test_workflow_executor_v2_phase_bc.TestNodeTypes" name="test_node_types_includes_new_subtypes" time="4.897" /><testcase classname="backend.tests.test_workflow_executor_v2_phase_bc.TestLeadTags" name="test_list_tags_empty_or_existing" time="2.780" /><testcase classname="backend.tests.test_workflow_executor_v2_phase_bc.TestLeadTags" name="test_create_tag_and_listed" time="7.010" /><testcase classname="backend.tests.test_workflow_executor_v2_phase_bc.TestLeadTags" name="test_create_duplicate_tag_returns_409" time="2.799" /><testcase classname="backend.tests.test_workflow_executor_v2_phase_bc.TestTestRunEndpoint" name="test_test_run_with_add_tag_returns_200_and_history" time="8.396" /><testcase classname="backend.tests.test_workflow_executor_v2_phase_bc.TestTestRunEndpoint" name="test_test_run_does_not_create_lead" time="7.246" /><testcase classname="backend.tests.test_workflow_executor_v2_phase_bc.TestAddRemoveTagOnRealLead" name="test_add_tag_addsToSet" time="1.365" /><testcase classname="backend.tests.test_workflow_executor_v2_phase_bc.TestAddRemoveTagOnRealLead" name="test_add_tag_is_idempotent" time="0.068" /><testcase classname="backend.tests.test_workflow_executor_v2_phase_bc.TestAddRemoveTagOnRealLead" name="test_remove_tag_pulls" time="0.062" /><testcase classname="backend.tests.test_workflow_executor_v2_phase_bc.TestGoTo" name="test_go_to_jumps_to_target_node" time="0.057" /><testcase classname="backend.tests.test_workflow_executor_v2_phase_bc.TestIfElse" name="test_if_else_yes_branch" time="0.060" /><testcase classname="backend.tests.test_workflow_executor_v2_phase_bc.TestIfElse" name="test_if_else_no_branch" time="0.059" /><testcase classname="backend.tests.test_workflow_executor_v2_phase_bc.TestIfElse" name="test_if_else_contains_op" time="0.058" /><testcase classname="backend.tests.test_workflow_executor_v2_phase_bc.TestMatchValue" name="test_match_value_matches_case_label" time="0.060" /><testcase classname="backend.tests.test_workflow_executor_v2_phase_bc.TestMatchValue" name="test_match_value_case_insensitive" time="0.058" /><testcase classname="backend.tests.test_workflow_executor_v2_phase_bc.TestMatchValue" name="test_match_value_default_branch" time="0.064" /><testcase classname="backend.tests.test_workflow_executor_v2_phase_bc.TestMatchValue" name="test_match_value_cases_as_json_string" time="0.063" /></testsuite></testsuites>