<?xml version="1.0" encoding="utf-8"?><testsuites name="pytest tests"><testsuite name="pytest" errors="0" failures="0" skipped="0" tests="16" time="6.706" timestamp="2026-04-20T08:39:34.684333+00:00" hostname="agent-env-23356a45-ac98-4a45-bd8f-babbd4bdb1e0"><testcase classname="tests.test_cliente_custom_fields.TestClienteCustomFieldsBackend" name="test_create_custom_field_admin_success" time="0.874" /><testcase classname="tests.test_cliente_custom_fields.TestClienteCustomFieldsBackend" name="test_create_custom_field_non_admin_forbidden" time="0.123" /><testcase classname="tests.test_cliente_custom_fields.TestClienteCustomFieldsBackend" name="test_create_custom_field_invalid_field_type" time="0.121" /><testcase classname="tests.test_cliente_custom_fields.TestClienteCustomFieldsBackend" name="test_create_custom_field_all_valid_types" time="1.159" /><testcase classname="tests.test_cliente_custom_fields.TestClienteCustomFieldsBackend" name="test_create_custom_field_duplicate_rejected" time="0.240" /><testcase classname="tests.test_cliente_custom_fields.TestClienteCustomFieldsBackend" name="test_create_custom_field_name_normalization" time="0.127" /><testcase classname="tests.test_cliente_custom_fields.TestClienteCustomFieldsBackend" name="test_get_custom_fields_no_filter" time="0.126" /><testcase classname="tests.test_cliente_custom_fields.TestClienteCustomFieldsBackend" name="test_get_custom_fields_with_commessa_filter" time="0.121" /><testcase classname="tests.test_cliente_custom_fields.TestClienteCustomFieldsBackend" name="test_get_custom_fields_with_both_filters" time="0.125" /><testcase classname="tests.test_cliente_custom_fields.TestClienteCustomFieldsBackend" name="test_update_custom_field_partial" time="0.378" /><testcase classname="tests.test_cliente_custom_fields.TestClienteCustomFieldsBackend" name="test_update_custom_field_invalid_type" time="0.251" /><testcase classname="tests.test_cliente_custom_fields.TestClienteCustomFieldsBackend" name="test_update_nonexistent_field" time="0.129" /><testcase classname="tests.test_cliente_custom_fields.TestClienteCustomFieldsBackend" name="test_delete_custom_field" time="0.418" /><testcase classname="tests.test_cliente_custom_fields.TestClienteCustomFieldsBackend" name="test_delete_nonexistent_field" time="0.120" /><testcase classname="tests.test_cliente_custom_fields.TestClienteCustomFieldsBackend" name="test_cliente_dati_aggiuntivi_update" time="0.507" /><testcase classname="tests.test_cliente_custom_fields.TestClienteCustomFieldsBackend" name="test_cleanup_created_fields" time="1.795" /></testsuite></testsuites>