<?xml version="1.0" encoding="utf-8"?><testsuites name="pytest tests"><testsuite name="pytest" errors="0" failures="0" skipped="0" tests="13" time="30.677" timestamp="2026-04-20T08:58:11.360135+00:00" hostname="agent-env-23356a45-ac98-4a45-bd8f-babbd4bdb1e0"><testcase classname="backend.tests.test_cliente_custom_sections.TestClienteCustomSectionsBackend" name="test_create_section_admin_success" time="12.618" /><testcase classname="backend.tests.test_cliente_custom_sections.TestClienteCustomSectionsBackend" name="test_create_section_non_admin_forbidden" time="1.027" /><testcase classname="backend.tests.test_cliente_custom_sections.TestClienteCustomSectionsBackend" name="test_create_section_duplicate_rejected" time="5.305" /><testcase classname="backend.tests.test_cliente_custom_sections.TestClienteCustomSectionsBackend" name="test_get_sections_no_filter" time="3.176" /><testcase classname="backend.tests.test_cliente_custom_sections.TestClienteCustomSectionsBackend" name="test_get_sections_with_commessa_filter" time="3.136" /><testcase classname="backend.tests.test_cliente_custom_sections.TestClienteCustomSectionsBackend" name="test_get_sections_with_both_filters" time="2.128" /><testcase classname="backend.tests.test_cliente_custom_sections.TestClienteCustomSectionsBackend" name="test_update_section_partial" time="0.382" /><testcase classname="backend.tests.test_cliente_custom_sections.TestClienteCustomSectionsBackend" name="test_update_nonexistent_section" time="0.128" /><testcase classname="backend.tests.test_cliente_custom_sections.TestClienteCustomSectionsBackend" name="test_delete_section_fields_moved_to_null" time="0.516" /><testcase classname="backend.tests.test_cliente_custom_sections.TestClienteCustomSectionsBackend" name="test_delete_nonexistent_section" time="0.125" /><testcase classname="backend.tests.test_cliente_custom_sections.TestClienteCustomSectionsBackend" name="test_create_field_with_section_id" time="0.241" /><testcase classname="backend.tests.test_cliente_custom_sections.TestClienteCustomSectionsBackend" name="test_update_field_section_id" time="0.630" /><testcase classname="backend.tests.test_cliente_custom_sections.TestClienteCustomSectionsBackend" name="test_cleanup_created_data" time="1.138" /></testsuite></testsuites>