<?xml version="1.0" encoding="utf-8"?><testsuites name="pytest tests"><testsuite name="pytest" errors="0" failures="0" skipped="0" tests="20" time="32.726" timestamp="2026-04-20T09:18:54.087452+00:00" hostname="agent-env-23356a45-ac98-4a45-bd8f-babbd4bdb1e0"><testcase classname="backend.tests.test_cliente_custom_statuses.TestClienteCustomStatusesBackend" name="test_create_custom_status_admin_success" time="20.486" /><testcase classname="backend.tests.test_cliente_custom_statuses.TestClienteCustomStatusesBackend" name="test_create_custom_status_non_admin_forbidden" time="1.047" /><testcase classname="backend.tests.test_cliente_custom_statuses.TestClienteCustomStatusesBackend" name="test_create_custom_status_standard_value_rejected" time="1.115" /><testcase classname="backend.tests.test_cliente_custom_statuses.TestClienteCustomStatusesBackend" name="test_create_custom_status_duplicate_rejected" time="5.425" /><testcase classname="backend.tests.test_cliente_custom_statuses.TestClienteCustomStatusesBackend" name="test_create_custom_status_all_stages" time="0.531" /><testcase classname="backend.tests.test_cliente_custom_statuses.TestClienteCustomStatusesBackend" name="test_create_custom_status_name_normalization" time="0.130" /><testcase classname="backend.tests.test_cliente_custom_statuses.TestClienteCustomStatusesBackend" name="test_get_custom_statuses_no_filter" time="0.130" /><testcase classname="backend.tests.test_cliente_custom_statuses.TestClienteCustomStatusesBackend" name="test_get_custom_statuses_with_commessa_filter" time="0.146" /><testcase classname="backend.tests.test_cliente_custom_statuses.TestClienteCustomStatusesBackend" name="test_get_custom_statuses_with_both_filters" time="0.136" /><testcase classname="backend.tests.test_cliente_custom_statuses.TestClienteCustomStatusesBackend" name="test_get_status_options_no_filter_returns_standard_only" time="0.143" /><testcase classname="backend.tests.test_cliente_custom_statuses.TestClienteCustomStatusesBackend" name="test_get_status_options_with_filters_includes_custom" time="0.139" /><testcase classname="backend.tests.test_cliente_custom_statuses.TestClienteCustomStatusesBackend" name="test_update_custom_status_partial" time="0.288" /><testcase classname="backend.tests.test_cliente_custom_statuses.TestClienteCustomStatusesBackend" name="test_update_nonexistent_status" time="0.113" /><testcase classname="backend.tests.test_cliente_custom_statuses.TestClienteCustomStatusesBackend" name="test_delete_custom_status_returns_client_count" time="0.252" /><testcase classname="backend.tests.test_cliente_custom_statuses.TestClienteCustomStatusesBackend" name="test_delete_nonexistent_status" time="0.150" /><testcase classname="backend.tests.test_cliente_custom_statuses.TestClienteCustomStatusesBackend" name="test_analytics_breakdown_structure" time="0.155" /><testcase classname="backend.tests.test_cliente_custom_statuses.TestClienteCustomStatusesBackend" name="test_analytics_breakdown_with_filters" time="0.142" /><testcase classname="backend.tests.test_cliente_custom_statuses.TestClienteCustomStatusesBackend" name="test_analytics_breakdown_by_status_structure" time="0.137" /><testcase classname="backend.tests.test_cliente_custom_statuses.TestClienteCustomStatusesBackend" name="test_cliente_with_custom_status_value" time="0.679" /><testcase classname="backend.tests.test_cliente_custom_statuses.TestClienteCustomStatusesBackend" name="test_cleanup_created_statuses" time="1.172" /></testsuite></testsuites>