<?xml version="1.0" encoding="utf-8"?><testsuites name="pytest tests"><testsuite name="pytest" errors="0" failures="0" skipped="0" tests="15" time="30.268" timestamp="2026-05-04T13:42:40.948512+00:00" hostname="agent-env-b10de5a7-5e72-4f83-b1fa-a623daa7ce24"><testcase classname="backend.tests.test_post_vendita.TestStatusConfig" name="test_list_initial" time="7.901" /><testcase classname="backend.tests.test_post_vendita.TestStatusConfig" name="test_create" time="2.121" /><testcase classname="backend.tests.test_post_vendita.TestStatusConfig" name="test_update" time="2.114" /><testcase classname="backend.tests.test_post_vendita.TestStatusConfig" name="test_delete_deactivates" time="5.286" /><testcase classname="backend.tests.test_post_vendita.TestClientiPostVendita" name="test_pass_to_post_vendita" time="11.851" /><testcase classname="backend.tests.test_post_vendita.TestClientiPostVendita" name="test_list_post_vendita" time="0.054" /><testcase classname="backend.tests.test_post_vendita.TestClientiPostVendita" name="test_filter_present" time="0.052" /><testcase classname="backend.tests.test_post_vendita.TestClientiPostVendita" name="test_filter_search" time="0.055" /><testcase classname="backend.tests.test_post_vendita.TestClientiPostVendita" name="test_patch_status" time="0.049" /><testcase classname="backend.tests.test_post_vendita.TestBulkImport" name="test_analyze_and_execute" time="0.227" /><testcase classname="backend.tests.test_post_vendita.TestBulkImport" name="test_status_was_auto_created_in_config" time="0.054" /><testcase classname="backend.tests.test_post_vendita.TestBulkImport" name="test_list_imports_history" time="0.048" /><testcase classname="backend.tests.test_post_vendita.TestBulkImport" name="test_manual_match_does_not_change_codice_account" time="0.144" /><testcase classname="backend.tests.test_post_vendita.TestRBAC" name="test_unauth_access_denied" time="0.135" /><testcase classname="backend.tests.test_post_vendita.TestRBAC" name="test_non_admin_cannot_create_status" time="0.053" /></testsuite></testsuites>