<?xml version="1.0" encoding="utf-8"?><testsuites name="pytest tests"><testsuite name="pytest" errors="0" failures="1" skipped="0" tests="14" time="40.640" timestamp="2026-04-27T13:42:34.530411+00:00" hostname="agent-env-c7512c08-53b1-426c-a409-0ff51fc559f6"><testcase classname="backend.tests.test_cliente_lock" name="test_acquire_lock_success" time="28.254" /><testcase classname="backend.tests.test_cliente_lock" name="test_acquire_lock_conflict_other_user" time="4.036" /><testcase classname="backend.tests.test_cliente_lock" name="test_acquire_lock_idempotent_for_owner" time="1.752"><failure message="AssertionError: assert '2026-04-27T13:43:07.204000' == '2026-04-27T1....204436+00:00'&#10;  &#10;  - 2026-04-27T13:43:07.204436+00:00&#10;  ?                        ----  - -&#10;  + 2026-04-27T13:43:07.204000">backend/tests/test_cliente_lock.py:93: in test_acquire_lock_idempotent_for_owner
    assert r2.json()["locked_at"] == locked_at1
E   AssertionError: assert '2026-04-27T13:43:07.204000' == '2026-04-27T1....204436+00:00'
E     
E     - 2026-04-27T13:43:07.204436+00:00
E     ?                        ----  - -
E     + 2026-04-27T13:43:07.204000</failure></testcase><testcase classname="backend.tests.test_cliente_lock" name="test_heartbeat_owner" time="0.641" /><testcase classname="backend.tests.test_cliente_lock" name="test_heartbeat_non_owner_conflict" time="0.613" /><testcase classname="backend.tests.test_cliente_lock" name="test_release_owner" time="0.853" /><testcase classname="backend.tests.test_cliente_lock" name="test_release_by_non_owner_admin_allowed" time="0.598" /><testcase classname="backend.tests.test_cliente_lock" name="test_force_release_admin" time="0.537" /><testcase classname="backend.tests.test_cliente_lock" name="test_get_status_unlocked" time="0.440" /><testcase classname="backend.tests.test_cliente_lock" name="test_get_status_locked_by_me" time="0.559" /><testcase classname="backend.tests.test_cliente_lock" name="test_get_status_locked_by_other" time="0.592" /><testcase classname="backend.tests.test_cliente_lock" name="test_list_locks" time="0.565" /><testcase classname="backend.tests.test_cliente_lock" name="test_acquire_lock_404_non_existing" time="0.433" /><testcase classname="backend.tests.test_cliente_lock" name="test_regression_get_cliente_while_owner_has_lock" time="0.595" /></testsuite></testsuites>