<?xml version="1.0" encoding="utf-8"?><testsuites name="pytest tests"><testsuite name="pytest" errors="0" failures="0" skipped="0" tests="3" time="20.056" timestamp="2026-07-01T11:01:21.541446+00:00" hostname="agent-env-08ebe300-8640-4d6c-88f8-fe581fc6bec7"><testcase classname="backend.tests.test_cliente_note_field" name="test_get_cliente_has_note_field" time="17.862" /><testcase classname="backend.tests.test_cliente_note_field" name="test_put_cliente_updates_note_and_persists" time="0.920" /><testcase classname="backend.tests.test_cliente_note_field" name="test_excel_export_column_bm_contains_note" time="0.956" /></testsuite></testsuites>