<?xml version="1.0" encoding="utf-8"?><testsuites name="pytest tests"><testsuite name="pytest" errors="0" failures="0" skipped="1" tests="13" time="29.602" timestamp="2026-04-27T15:05:28.840172+00:00" hostname="agent-env-c7512c08-53b1-426c-a409-0ff51fc559f6"><testcase classname="backend.tests.test_cliente_note_history.TestSanity" name="test_login_admin" time="3.259" /><testcase classname="backend.tests.test_cliente_note_history.TestPostNoteCliente" name="test_admin_post_note_cliente_ok" time="3.150" /><testcase classname="backend.tests.test_cliente_note_history.TestPostNoteCliente" name="test_admin_post_note_backoffice_ok" time="3.177" /><testcase classname="backend.tests.test_cliente_note_history.TestPostNoteCliente" name="test_non_admin_post_note_backoffice_403" time="1.046"><skipped type="pytest.skip" message="Cannot create non-admin user: 422 {&quot;detail&quot;:&quot;Validation error: [{'type': 'value_error', 'loc': ('body', 'email'), 'msg': 'value is not a valid email address: The part after the @-sign is a special-use or reserved name that cannot be used with email.', 'input': 'TEST_note_agente_001@test.local', 'ctx': {'reason': 'The part after the @-sign is a special-use or reserved name that cannot be used with email.'}}]&quot;}">/app/backend/tests/test_cliente_note_history.py:102: Cannot create non-admin user: 422 {"detail":"Validation error: [{'type': 'value_error', 'loc': ('body', 'email'), 'msg': 'value is not a valid email address: The part after the @-sign is a special-use or reserved name that cannot be used with email.', 'input': 'TEST_note_agente_001@test.local', 'ctx': {'reason': 'The part after the @-sign is a special-use or reserved name that cannot be used with email.'}}]"}</skipped></testcase><testcase classname="backend.tests.test_cliente_note_history.TestPostNoteCliente" name="test_post_empty_content_400" time="3.212" /><testcase classname="backend.tests.test_cliente_note_history.TestPostNoteCliente" name="test_post_invalid_tipo_400" time="2.110" /><testcase classname="backend.tests.test_cliente_note_history.TestPostNoteCliente" name="test_post_cliente_inesistente_404" time="2.126" /><testcase classname="backend.tests.test_cliente_note_history.TestGetNoteHistory" name="test_get_all_sorted_desc" time="2.128" /><testcase classname="backend.tests.test_cliente_note_history.TestGetNoteHistory" name="test_get_filter_tipo_cliente" time="3.210" /><testcase classname="backend.tests.test_cliente_note_history.TestGetNoteHistory" name="test_get_filter_tipo_backoffice" time="3.157" /><testcase classname="backend.tests.test_cliente_note_history.TestImmutability" name="test_put_note_not_allowed" time="2.289" /><testcase classname="backend.tests.test_cliente_note_history.TestImmutability" name="test_delete_note_not_allowed" time="0.272" /><testcase classname="backend.tests.test_cliente_note_history.TestRegressionEditCliente" name="test_put_cliente_still_works" time="0.305" /></testsuite></testsuites>